c:\users\dire wolf\desktop\openframeworks\of_v0.9.3_vs_release\apps\scl\kinectstrokes\obj\release\ofxkinectcommonbridge.obj
c:\users\dire wolf\desktop\openframeworks\of_v0.9.3_vs_release\apps\scl\kinectstrokes\obj\release\ofxoscreceiver.obj
c:\users\dire wolf\desktop\openframeworks\of_v0.9.3_vs_release\apps\scl\kinectstrokes\obj\release\networkingutils.obj
c:\users\dire wolf\desktop\openframeworks\of_v0.9.3_vs_release\apps\scl\kinectstrokes\obj\release\oscreceivedelements.obj
c:\users\dire wolf\desktop\openframeworks\of_v0.9.3_vs_release\apps\scl\kinectstrokes\obj\release\osctypes.obj
c:\users\dire wolf\desktop\openframeworks\of_v0.9.3_vs_release\apps\scl\kinectstrokes\obj\release\ofxoscbundle.obj
c:\users\dire wolf\desktop\openframeworks\of_v0.9.3_vs_release\apps\scl\kinectstrokes\obj\release\ofxoscsender.obj
c:\users\dire wolf\desktop\openframeworks\of_v0.9.3_vs_release\apps\scl\kinectstrokes\obj\release\udpsocket.obj
c:\users\dire wolf\desktop\openframeworks\of_v0.9.3_vs_release\apps\scl\kinectstrokes\obj\release\ofxoscparametersync.obj
c:\users\dire wolf\desktop\openframeworks\of_v0.9.3_vs_release\apps\scl\kinectstrokes\obj\release\ofapp.obj
c:\users\dire wolf\desktop\openframeworks\of_v0.9.3_vs_release\apps\scl\kinectstrokes\obj\release\ipendpointname.obj
c:\users\dire wolf\desktop\openframeworks\of_v0.9.3_vs_release\apps\scl\kinectstrokes\obj\release\oscoutboundpacketstream.obj
c:\users\dire wolf\desktop\openframeworks\of_v0.9.3_vs_release\apps\scl\kinectstrokes\obj\release\oscprintreceivedelements.obj
c:\users\dire wolf\desktop\openframeworks\of_v0.9.3_vs_release\apps\scl\kinectstrokes\obj\release\ofxoscmessage.obj
c:\users\dire wolf\desktop\openframeworks\of_v0.9.3_vs_release\apps\scl\kinectstrokes\obj\release\main.obj
c:\users\dire wolf\desktop\openframeworks\of_v0.9.3_vs_release\apps\scl\kinectstrokes\obj\release\vc140.pdb
c:\users\dire wolf\desktop\openframeworks\of_v0.9.3_vs_release\apps\scl\kinectstrokes\bin\kinectbase.lib
c:\users\dire wolf\desktop\openframeworks\of_v0.9.3_vs_release\apps\scl\kinectstrokes\bin\kinectbase.exp
c:\users\dire wolf\desktop\openframeworks\of_v0.9.3_vs_release\apps\scl\kinectstrokes\bin\kinectbase.exe
c:\users\dire wolf\desktop\openframeworks\of_v0.9.3_vs_release\apps\scl\kinectstrokes\obj\release\icon.res
c:\users\dire wolf\desktop\openframeworks\of_v0.9.3_vs_release\apps\scl\kinectstrokes\obj\release\emptyexample.vcxprojresolveassemblyreference.cache
c:\users\dire wolf\desktop\openframeworks\of_v0.9.3_vs_release\apps\scl\kinectstrokes\obj\release\kinectbase.tlog\cl.command.1.tlog
c:\users\dire wolf\desktop\openframeworks\of_v0.9.3_vs_release\apps\scl\kinectstrokes\obj\release\kinectbase.tlog\cl.read.1.tlog
c:\users\dire wolf\desktop\openframeworks\of_v0.9.3_vs_release\apps\scl\kinectstrokes\obj\release\kinectbase.tlog\cl.write.1.tlog
c:\users\dire wolf\desktop\openframeworks\of_v0.9.3_vs_release\apps\scl\kinectstrokes\obj\release\kinectbase.tlog\kinectbase.write.1u.tlog
c:\users\dire wolf\desktop\openframeworks\of_v0.9.3_vs_release\apps\scl\kinectstrokes\obj\release\kinectbase.tlog\link.command.1.tlog
c:\users\dire wolf\desktop\openframeworks\of_v0.9.3_vs_release\apps\scl\kinectstrokes\obj\release\kinectbase.tlog\link.read.1.tlog
c:\users\dire wolf\desktop\openframeworks\of_v0.9.3_vs_release\apps\scl\kinectstrokes\obj\release\kinectbase.tlog\link.write.1.tlog
c:\users\dire wolf\desktop\openframeworks\of_v0.9.3_vs_release\apps\scl\kinectstrokes\obj\release\kinectbase.tlog\rc.command.1.tlog
c:\users\dire wolf\desktop\openframeworks\of_v0.9.3_vs_release\apps\scl\kinectstrokes\obj\release\kinectbase.tlog\rc.read.1.tlog
c:\users\dire wolf\desktop\openframeworks\of_v0.9.3_vs_release\apps\scl\kinectstrokes\obj\release\kinectbase.tlog\rc.write.1.tlog
