c:\users\dire wolf\desktop\openframeworks\of_v0.9.3_vs_release\apps\scl\luigiexample\obj\debug\vc140.pdb
c:\users\dire wolf\desktop\openframeworks\of_v0.9.3_vs_release\apps\scl\kinectstrokes\obj\debug\vc140.pdb
c:\users\dire wolf\desktop\openframeworks\of_v0.9.3_vs_release\apps\scl\kinectstrokes\obj\debug\vc140.idb
c:\users\dire wolf\desktop\openframeworks\of_v0.9.3_vs_release\apps\scl\kinectstrokes\obj\debug\main.obj
c:\users\dire wolf\desktop\openframeworks\of_v0.9.3_vs_release\apps\scl\kinectstrokes\obj\debug\ofapp.obj
c:\users\dire wolf\desktop\openframeworks\of_v0.9.3_vs_release\apps\scl\luigiexample\bin\kinectbase_debug.lib
c:\users\dire wolf\desktop\openframeworks\of_v0.9.3_vs_release\apps\scl\luigiexample\bin\kinectbase_debug.exp
c:\users\dire wolf\desktop\openframeworks\of_v0.9.3_vs_release\apps\scl\kinectstrokes\bin\kinectbase_debug.lib
c:\users\dire wolf\desktop\openframeworks\of_v0.9.3_vs_release\apps\scl\kinectstrokes\bin\kinectbase_debug.exp
c:\users\dire wolf\desktop\openframeworks\of_v0.9.3_vs_release\apps\scl\luigiexample\bin\kinectbase_debug.ilk
c:\users\dire wolf\desktop\openframeworks\of_v0.9.3_vs_release\apps\scl\luigiexample\bin\kinectbase_debug.exe
c:\users\dire wolf\desktop\openframeworks\of_v0.9.3_vs_release\apps\scl\luigiexample\bin\kinectbase_debug.pdb
c:\users\dire wolf\desktop\openframeworks\of_v0.9.3_vs_release\apps\scl\kinectstrokes\bin\kinectbase_debug.ilk
c:\users\dire wolf\desktop\openframeworks\of_v0.9.3_vs_release\apps\scl\kinectstrokes\bin\kinectbase_debug.exe
c:\users\dire wolf\desktop\openframeworks\of_v0.9.3_vs_release\apps\scl\kinectstrokes\bin\kinectbase_debug.pdb
c:\users\dire wolf\desktop\openframeworks\of_v0.9.3_vs_release\apps\scl\kinectstrokes\obj\debug\icon.res
c:\users\dire wolf\desktop\openframeworks\of_v0.9.3_vs_release\apps\scl\kinectstrokes\obj\debug\emptyexample.vcxprojresolveassemblyreference.cache
c:\users\dire wolf\desktop\openframeworks\of_v0.9.3_vs_release\apps\scl\kinectstrokes\obj\debug\ipendpointname.obj
c:\users\dire wolf\desktop\openframeworks\of_v0.9.3_vs_release\apps\scl\kinectstrokes\obj\debug\networkingutils.obj
c:\users\dire wolf\desktop\openframeworks\of_v0.9.3_vs_release\apps\scl\kinectstrokes\obj\debug\ofxkinectcommonbridge.obj
c:\users\dire wolf\desktop\openframeworks\of_v0.9.3_vs_release\apps\scl\kinectstrokes\obj\debug\ofxoscbundle.obj
c:\users\dire wolf\desktop\openframeworks\of_v0.9.3_vs_release\apps\scl\kinectstrokes\obj\debug\ofxoscmessage.obj
c:\users\dire wolf\desktop\openframeworks\of_v0.9.3_vs_release\apps\scl\kinectstrokes\obj\debug\ofxoscparametersync.obj
c:\users\dire wolf\desktop\openframeworks\of_v0.9.3_vs_release\apps\scl\kinectstrokes\obj\debug\ofxoscreceiver.obj
c:\users\dire wolf\desktop\openframeworks\of_v0.9.3_vs_release\apps\scl\kinectstrokes\obj\debug\ofxoscsender.obj
c:\users\dire wolf\desktop\openframeworks\of_v0.9.3_vs_release\apps\scl\kinectstrokes\obj\debug\oscoutboundpacketstream.obj
c:\users\dire wolf\desktop\openframeworks\of_v0.9.3_vs_release\apps\scl\kinectstrokes\obj\debug\oscprintreceivedelements.obj
c:\users\dire wolf\desktop\openframeworks\of_v0.9.3_vs_release\apps\scl\kinectstrokes\obj\debug\oscreceivedelements.obj
c:\users\dire wolf\desktop\openframeworks\of_v0.9.3_vs_release\apps\scl\kinectstrokes\obj\debug\osctypes.obj
c:\users\dire wolf\desktop\openframeworks\of_v0.9.3_vs_release\apps\scl\kinectstrokes\obj\debug\udpsocket.obj
c:\users\dire wolf\desktop\openframeworks\of_v0.9.3_vs_release\apps\scl\kinectstrokes\obj\debug\kinectbase.tlog\cl.command.1.tlog
c:\users\dire wolf\desktop\openframeworks\of_v0.9.3_vs_release\apps\scl\kinectstrokes\obj\debug\kinectbase.tlog\cl.read.1.tlog
c:\users\dire wolf\desktop\openframeworks\of_v0.9.3_vs_release\apps\scl\kinectstrokes\obj\debug\kinectbase.tlog\cl.write.1.tlog
c:\users\dire wolf\desktop\openframeworks\of_v0.9.3_vs_release\apps\scl\kinectstrokes\obj\debug\kinectbase.tlog\kinectbase.write.1u.tlog
c:\users\dire wolf\desktop\openframeworks\of_v0.9.3_vs_release\apps\scl\kinectstrokes\obj\debug\kinectbase.tlog\link.command.1.tlog
c:\users\dire wolf\desktop\openframeworks\of_v0.9.3_vs_release\apps\scl\kinectstrokes\obj\debug\kinectbase.tlog\link.read.1.tlog
c:\users\dire wolf\desktop\openframeworks\of_v0.9.3_vs_release\apps\scl\kinectstrokes\obj\debug\kinectbase.tlog\link.write.1.tlog
c:\users\dire wolf\desktop\openframeworks\of_v0.9.3_vs_release\apps\scl\kinectstrokes\obj\debug\kinectbase.tlog\rc.command.1.tlog
c:\users\dire wolf\desktop\openframeworks\of_v0.9.3_vs_release\apps\scl\kinectstrokes\obj\debug\kinectbase.tlog\rc.read.1.tlog
c:\users\dire wolf\desktop\openframeworks\of_v0.9.3_vs_release\apps\scl\kinectstrokes\obj\debug\kinectbase.tlog\rc.write.1.tlog
